0 info it worked if it ends with ok
1 verbose cli [ 'node',
1 verbose cli   '/usr/local/bin/npm',
1 verbose cli   'update',
1 verbose cli   'npm',
1 verbose cli   '-g',
1 verbose cli   '--prefix',
1 verbose cli   '/usr/local' ]
2 info using npm@1.4.9
3 info using node@v0.10.29
4 verbose node symlink /usr/local/bin/node
5 verbose url raw npm
6 verbose url resolving [ 'https://registry.npmjs.org/', './npm' ]
7 verbose url resolved https://registry.npmjs.org/npm
8 info trying registry request attempt 1 at 00:31:12
9 verbose etag "8OEVLJQLESU828BIY7WBUL4XQ"
10 http GET https://registry.npmjs.org/npm
11 info outdated updating []
12 error Failed to parse json
12 error Unexpected end of input
13 error File: /usr/local/lib/node_modules/generator-karma/node_modules/yeoman-generator/node_modules/gruntfile-editor/node_modules/ast-query/node_modules/class-extend/package.json
14 error Failed to parse package.json data.
14 error package.json must be actual JSON, not just JavaScript.
14 error
14 error This is not a bug in npm.
14 error Tell the package author to fix their package.json file. JSON.parse
15 error System Darwin 13.2.0
16 error command "node" "/usr/local/bin/npm" "update" "npm" "-g" "--prefix" "/usr/local"
17 error cwd /Users/francis/Documents/Sites/pboard
18 error node -v v0.10.29
19 error npm -v 1.4.9
20 error file /usr/local/lib/node_modules/generator-karma/node_modules/yeoman-generator/node_modules/gruntfile-editor/node_modules/ast-query/node_modules/class-extend/package.json
21 error code EJSONPARSE
22 verbose exit [ 1, true ]
